#
# A fatal error has been detected by the Java Runtime Environment:
#
#  SIGSEGV (0xb) at pc=0x000000012c3498ae, pid=3473, tid=73015
#
# JRE version: Java(TM) SE Runtime Environment (8.0_60-b27) (build 1.8.0_60-b27)
# Java VM: Java HotSpot(TM) 64-Bit Server VM (25.60-b23 mixed mode bsd-amd64 compressed oops)
# Problematic frame:
# C  [libjfxwebkit.dylib+0xe2e8ae]  WTFCrash+0x3e
#
# Failed to write core dump. Core dumps have been disabled. To enable core dumping, try "ulimit -c unlimited" before starting Java again
#
# If you would like to submit a bug report, please visit:
#   http://bugreport.java.com/bugreport/crash.jsp
# The crash happened outside the Java Virtual Machine in native code.
# See problematic frame for where to report the bug.
#

---------------  T H R E A D  ---------------

Current thread (0x00007fc1a2d13000):  JavaThread "Thread-97" [_thread_in_native, id=73015, stack(0x000000013d2ea000,0x000000013d3ea000)]

siginfo: si_signo: 11 (SIGSEGV), si_code: 1 (SEGV_MAPERR), si_addr: 0x00000000bbadbeef

Registers:
RAX=0x00000000bbadbeef, RBX=0x000000013d3e9160, RCX=0x0000000000000000, RDX=0x00007fff7a00d1f8
RSP=0x000000013d3e9020, RBP=0x000000013d3e9130, RSI=0x0000080000000800, RDI=0x0000000000000000
R8 =0x000000013d3e8e10, R9 =0x000000013d3ea000, R10=0x0000000000000000, R11=0x0000000000000246
R12=0x0000000136bafeb0, R13=0x0000000000000001, R14=0x00007fc1a39fe600, R15=0x0000000136b6f9b0
RIP=0x000000012c3498ae, EFLAGS=0x0000000000010206, ERR=0x0000000000000006
  TRAPNO=0x000000000000000e

Top of Stack: (sp=0x000000013d3e9020)
0x000000013d3e9020:   000000012c34989a 000000012c64008e
0x000000013d3e9030:   000000012c64219c 000000012c4f7090
0x000000013d3e9040:   000000012c626fde 000000012c695560
0x000000013d3e9050:   000000012c699fab 000000012bf86286
0x000000013d3e9060:   000000010e318954 000000010e30a9d0
0x000000013d3e9070:   000000000000000b 00007fc1a4ee69e0
0x000000013d3e9080:   00007fc1a4e00000 000000010c8d000b
0x000000013d3e9090:   000000010c8cc000 000000000000000b
0x000000013d3e90a0:   000000012f8fd910 ffffffffffffffff
0x000000013d3e90b0:   000000012f8fd958 000000013d3e9138
0x000000013d3e90c0:   000000013d3e91a0 000000012c706459
0x000000013d3e90d0:   00007fc1a2d13000 00007fc1a39fe618
0x000000013d3e90e0:   00000002a2d13000 00000000000001b2
0x000000013d3e90f0:   00007fc1a4ecf350 0000000100000006
0x000000013d3e9100:   00007fc1a2d13001 00007fc1a4c6dec0
0x000000013d3e9110:   00000001398b1c10 000000013d3e9200
0x000000013d3e9120:   00007fc1a39fe600 0000000136b6f9b0
0x000000013d3e9130:   000000013d3e9150 000000012c64008e
0x000000013d3e9140:   0000000136b60000 0000000136b6f9b0
0x000000013d3e9150:   000000013d3e9180 000000012c64219c
0x000000013d3e9160:   00007fc1a39fe600 00007fc1a39fe600
0x000000013d3e9170:   00007fc1a39fe600 0000000000000001
0x000000013d3e9180:   000000013d3e9250 000000012c4f7090
0x000000013d3e9190:   000000012f8fd910 00007fc1a39fe600
0x000000013d3e91a0:   000000013d3e91f0 000000012f8bfd70
0x000000013d3e91b0:   000000013d3e92c0 0000000136bafeb0
0x000000013d3e91c0:   000000013d3e9238 000000013d3e9244
0x000000013d3e91d0:   0000000136b6f9b0 000000013d3e9244
0x000000013d3e91e0:   0000000136b5ffe0 00007fc1a266a3a0
0x000000013d3e91f0:   000000013d3e9270 000000012b54de43
0x000000013d3e9200:   00007fc1a39fe600 0000000136b6f970
0x000000013d3e9210:   0000000136bafe00 0000000136b6f970 

Instructions: (pc=0x000000012c3498ae)
0x000000012c34988e:   ff ff be 21 00 00 00 e8 1e fd 49 00 48 8d bd 00
0x000000012c34989e:   ff ff ff 8d 70 fe e8 d7 fe ff ff b8 ef be ad bb
0x000000012c3498ae:   c7 00 00 00 00 00 0f 0b 66 2e 0f 1f 84 00 00 00
0x000000012c3498be:   00 00 55 48 89 e5 48 81 ec 10 01 00 00 48 8b 05 

Register to memory mapping:

RAX=0x00000000bbadbeef is an unknown value
RBX=0x000000013d3e9160 is pointing into the stack for thread: 0x00007fc1a2d13000
RCX=0x0000000000000000 is an unknown value
RDX=0x00007fff7a00d1f8: __sFX+0x1c8 in /usr/lib/system/libsystem_c.dylib at 0x00007fff93728000
RSP=0x000000013d3e9020 is pointing into the stack for thread: 0x00007fc1a2d13000
RBP=0x000000013d3e9130 is pointing into the stack for thread: 0x00007fc1a2d13000
RSI=0x0000080000000800 is an unknown value
RDI=0x0000000000000000 is an unknown value
R8 =0x000000013d3e8e10 is pointing into the stack for thread: 0x00007fc1a2d13000
R9 =0x000000013d3ea000 is pointing into the stack for thread: 0x00007fc1a2d13000
R10=0x0000000000000000 is an unknown value
R11=0x0000000000000246 is an unknown value
R12=0x0000000136bafeb0 is an unknown value
R13=0x0000000000000001 is an unknown value
R14=0x00007fc1a39fe600 is an unknown value
R15=0x0000000136b6f9b0 is an unknown value


Stack: [0x000000013d2ea000,0x000000013d3ea000],  sp=0x000000013d3e9020,  free space=1020k
Native frames: (J=compiled Java code, j=interpreted, Vv=VM code, C=native code)
C  [libjfxwebkit.dylib+0xe2e8ae]  WTFCrash+0x3e
C  [libjfxwebkit.dylib+0x112508e]  JSC::ErrorHandlingScope::ErrorHandlingScope(JSC::VM&)+0x3e
C  [libjfxwebkit.dylib+0x112719c]  JSC::throwStackOverflowError(JSC::ExecState*)+0x2c
C  [libjfxwebkit.dylib+0xfdc090]  JSC::Interpreter::executeCall(JSC::ExecState*, JSC::JSObject*, JSC::CallType, JSC::CallData const&, JSC::JSValue, JSC::ArgList const&)+0xb0
C  [libjfxwebkit.dylib+0x110bfde]  JSC::call(JSC::ExecState*, JSC::JSValue, JSC::CallType, JSC::CallData const&, JSC::JSValue, JSC::ArgList const&)+0x3e
C  [libjfxwebkit.dylib+0x117a560]  JSC::JSObject::defaultValue(JSC::JSObject const*, JSC::ExecState*, JSC::PreferredPrimitiveType)+0x190
C  [libjfxwebkit.dylib+0x117efab]  JSC::JSObject::toString(JSC::ExecState*) const+0x4b
C  [libjfxwebkit.dylib+0xa6b286]  Java_com_sun_webkit_dom_JSObject_toStringImpl+0x76
j  com.sun.webkit.dom.JSObject.toStringImpl(JI)Ljava/lang/String;+0
j  com.sun.webkit.dom.JSObject.toString()Ljava/lang/String;+8
j  java.lang.String.valueOf(Ljava/lang/Object;)Ljava/lang/String;+10
j  java.io.PrintStream.println(Ljava/lang/Object;)V+1
j  gmapsfx.javascript.JavascriptObject.invokeJavascript(Ljava/lang/String;)Ljava/lang/Object;+7
j  gmapsfx.javascript.JavascriptObject.invokeJavascriptReturnValue(Ljava/lang/String;Ljava/lang/Class;)Ljava/lang/Object;+2
j  gmapsfx.javascript.object.GoogleMap.getBounds()Lgmapsfx/javascript/object/LatLongBounds;+5
j  application.services.GeneralService.getBoundsArray()[F+4
j  application.services.GeneralService.writeDataToFile(Ljava/lang/String;)Z+1
j  application.services.GeneralService$1.call()Ljava/lang/String;+16
j  application.services.GeneralService$1.call()Ljava/lang/Object;+1
j  javafx.concurrent.Task$TaskCallable.call()Ljava/lang/Object;+26
j  java.util.concurrent.FutureTask.run()V+42
j  java.lang.Thread.run()V+11
v  ~StubRoutines::call_stub
V  [libjvm.dylib+0x2eab0e]  JavaCalls::call_helper(JavaValue*, methodHandle*, JavaCallArguments*, Thread*)+0x6ae
V  [libjvm.dylib+0x2eb29c]  JavaCalls::call_virtual(JavaValue*, KlassHandle, Symbol*, Symbol*, JavaCallArguments*, Thread*)+0x164
V  [libjvm.dylib+0x2eb448]  JavaCalls::call_virtual(JavaValue*, Handle, KlassHandle, Symbol*, Symbol*, Thread*)+0x4a
V  [libjvm.dylib+0x345965]  thread_entry(JavaThread*, Thread*)+0x7c
V  [libjvm.dylib+0x5612d3]  JavaThread::thread_main_inner()+0x9b
V  [libjvm.dylib+0x5629ce]  JavaThread::run()+0x1c2
V  [libjvm.dylib+0x48343a]  java_start(Thread*)+0xf6
C  [libsystem_pthread.dylib+0x405a]  _pthread_body+0x83
C  [libsystem_pthread.dylib+0x3fd7]  _pthread_body+0x0
C  [libsystem_pthread.dylib+0x13ed]  thread_start+0xd
C  0x0000000000000000

Java frames: (J=compiled Java code, j=interpreted, Vv=VM code)
j  com.sun.webkit.dom.JSObject.toStringImpl(JI)Ljava/lang/String;+0
j  com.sun.webkit.dom.JSObject.toString()Ljava/lang/String;+8
j  java.lang.String.valueOf(Ljava/lang/Object;)Ljava/lang/String;+10
j  java.io.PrintStream.println(Ljava/lang/Object;)V+1
j  gmapsfx.javascript.JavascriptObject.invokeJavascript(Ljava/lang/String;)Ljava/lang/Object;+7
j  gmapsfx.javascript.JavascriptObject.invokeJavascriptReturnValue(Ljava/lang/String;Ljava/lang/Class;)Ljava/lang/Object;+2
j  gmapsfx.javascript.object.GoogleMap.getBounds()Lgmapsfx/javascript/object/LatLongBounds;+5
j  application.services.GeneralService.getBoundsArray()[F+4
j  application.services.GeneralService.writeDataToFile(Ljava/lang/String;)Z+1
j  application.services.GeneralService$1.call()Ljava/lang/String;+16
j  application.services.GeneralService$1.call()Ljava/lang/Object;+1
j  javafx.concurrent.Task$TaskCallable.call()Ljava/lang/Object;+26
j  java.util.concurrent.FutureTask.run()V+42
j  java.lang.Thread.run()V+11
v  ~StubRoutines::call_stub

---------------  P R O C E S S  ---------------

Java Threads: ( => current thread )
=>0x00007fc1a2d13000 JavaThread "Thread-97" [_thread_in_native, id=73015, stack(0x000000013d2ea000,0x000000013d3ea000)]
  0x00007fc1a3cac800 JavaThread "URL-Loader-20" daemon [_thread_blocked, id=70659, stack(0x00000001393da000,0x00000001394da000)]
  0x00007fc1a4091000 JavaThread "URL-Loader-19" daemon [_thread_blocked, id=70147, stack(0x00000001392d7000,0x00000001393d7000)]
  0x00007fc1a2aad000 JavaThread "URL-Loader-18" daemon [_thread_blocked, id=69895, stack(0x00000001391d4000,0x00000001392d4000)]
  0x00007fc1a2d1c000 JavaThread "URL-Loader-17" daemon [_thread_blocked, id=69135, stack(0x0000000138e51000,0x0000000138f51000)]
  0x00007fc1a315f800 JavaThread "URL-Loader-16" daemon [_thread_blocked, id=68355, stack(0x0000000138bf1000,0x0000000138cf1000)]
  0x00007fc1a2bec800 JavaThread "URL-Loader-15" daemon [_thread_blocked, id=67843, stack(0x0000000138ad4000,0x0000000138bd4000)]
  0x00007fc1a3c07000 JavaThread "URL-Loader-14" daemon [_thread_blocked, id=67079, stack(0x00000001389d1000,0x0000000138ad1000)]
  0x00007fc1a3945000 JavaThread "URL-Loader-13" daemon [_thread_blocked, id=61387, stack(0x00000001388b1000,0x00000001389b1000)]
  0x00007fc1a2ba0800 JavaThread "URL-Loader-12" daemon [_thread_blocked, id=66311, stack(0x0000000138781000,0x0000000138881000)]
  0x00007fc1a3d26800 JavaThread "URL-Loader-11" daemon [_thread_blocked, id=65795, stack(0x0000000138624000,0x0000000138724000)]
  0x00007fc1a3dab000 JavaThread "URL-Loader-10" daemon [_thread_blocked, id=65407, stack(0x0000000138521000,0x0000000138621000)]
  0x00007fc1a2c8e000 JavaThread "URL-Loader-9" daemon [_thread_blocked, id=64775, stack(0x00000001381ba000,0x00000001382ba000)]
  0x00007fc1a3d28000 JavaThread "URL-Loader-8" daemon [_thread_blocked, id=64259, stack(0x00000001380b7000,0x00000001381b7000)]
  0x00007fc1a2c8a800 JavaThread "URL-Loader-7" daemon [_thread_blocked, id=64075, stack(0x0000000137fb4000,0x00000001380b4000)]
  0x00007fc1a2c93000 JavaThread "URL-Loader-6" daemon [_thread_blocked, id=62723, stack(0x0000000137d94000,0x0000000137e94000)]
  0x00007fc1a2c92000 JavaThread "URL-Loader-5" daemon [_thread_blocked, id=62219, stack(0x0000000137c91000,0x0000000137d91000)]
  0x00007fc1a3da1000 JavaThread "Watchdog-Timer-1" daemon [_thread_blocked, id=61875, stack(0x0000000137afe000,0x0000000137bfe000)]
  0x00007fc1a3d27800 JavaThread "URL-Loader-4" daemon [_thread_blocked, id=59651, stack(0x000000013529f000,0x000000013539f000)]
  0x00007fc1a3d26000 JavaThread "URL-Loader-3" daemon [_thread_blocked, id=59143, stack(0x000000013519c000,0x000000013529c000)]
  0x00007fc1a4105800 JavaThread "URL-Loader-2" daemon [_thread_blocked, id=58915, stack(0x0000000135099000,0x0000000135199000)]
  0x00007fc1a3acc000 JavaThread "Prism Font Disposer" daemon [_thread_blocked, id=51743, stack(0x000000012efc8000,0x000000012f0c8000)]
  0x00007fc1a3a42000 JavaThread "Keep-Alive-Timer" daemon [_thread_blocked, id=51207, stack(0x000000012e1b2000,0x000000012e2b2000)]
  0x00007fc1a2a1d000 JavaThread "URL-Loader-1" daemon [_thread_blocked, id=49667, stack(0x000000012de93000,0x000000012df93000)]
  0x00007fc1a311f800 JavaThread "Disposer" daemon [_thread_blocked, id=49155, stack(0x000000012db21000,0x000000012dc21000)]
  0x00007fc1a3102800 JavaThread "JavaFX-Launcher" [_thread_blocked, id=48131, stack(0x000000012b419000,0x000000012b519000)]
  0x00007fc1a39d1800 JavaThread "Thread-3" daemon [_thread_in_native, id=35843, stack(0x000000012a23f000,0x000000012a2bf000)]
  0x00007fc1a3983000 JavaThread "JavaFX Application Thread" [_thread_in_vm, id=1811, stack(0x00007fff52b4f000,0x00007fff5334f000)]
  0x00007fc1a30d2800 JavaThread "Thread-1" daemon [_thread_blocked, id=24083, stack(0x0000000126f5b000,0x000000012705b000)]
  0x00007fc1a296a800 JavaThread "QuantumRenderer-0" daemon [_thread_blocked, id=19203, stack(0x00000001262f7000,0x00000001263f7000)]
  0x00007fc1a2822000 JavaThread "Service Thread" daemon [_thread_blocked, id=18179, stack(0x000000012605b000,0x000000012615b000)]
  0x00007fc1a2805800 JavaThread "C1 CompilerThread2" daemon [_thread_blocked, id=17667, stack(0x0000000125f58000,0x0000000126058000)]
  0x00007fc1a301c800 JavaThread "C2 CompilerThread1" daemon [_thread_in_native, id=17155, stack(0x0000000125e55000,0x0000000125f55000)]
  0x00007fc1a382c000 JavaThread "C2 CompilerThread0" daemon [_thread_blocked, id=16643, stack(0x0000000125d52000,0x0000000125e52000)]
  0x00007fc1a382b000 JavaThread "Signal Dispatcher" daemon [_thread_blocked, id=12563, stack(0x0000000125c4f000,0x0000000125d4f000)]
  0x00007fc1a3801800 JavaThread "Finalizer" daemon [_thread_blocked, id=11523, stack(0x0000000124228000,0x0000000124328000)]
  0x00007fc1a3800800 JavaThread "Reference Handler" daemon [_thread_blocked, id=11011, stack(0x0000000124125000,0x0000000124225000)]
  0x00007fc1a3009000 JavaThread "main" [_thread_blocked, id=4867, stack(0x000000010e201000,0x000000010e301000)]

Other Threads:
  0x00007fc1a4012000 VMThread [stack: 0x0000000124022000,0x0000000124122000] [id=10499]
  0x00007fc1a3844800 WatcherThread [stack: 0x000000012615e000,0x000000012625e000] [id=18691]

VM state:not at safepoint (normal execution)

VM Mutex/Monitor currently owned by a thread: None

Heap:
 PSYoungGen      total 52736K, used 14211K [0x0000000795580000, 0x000000079b100000, 0x00000007c0000000)
  eden space 47616K, 19% used [0x0000000795580000,0x0000000795e63478,0x0000000798400000)
  from space 5120K, 99% used [0x0000000798400000,0x00000007988fdb40,0x0000000798900000)
  to   space 15360K, 0% used [0x000000079a200000,0x000000079a200000,0x000000079b100000)
 ParOldGen       total 70144K, used 21707K [0x0000000740000000, 0x0000000744480000, 0x0000000795580000)
  object space 70144K, 30% used [0x0000000740000000,0x0000000741532c38,0x0000000744480000)
 Metaspace       used 25065K, capacity 26644K, committed 26880K, reserved 1073152K
  class space    used 3473K, capacity 3760K, committed 3840K, reserved 1048576K

Card table byte_map: [0x000000011d6c3000,0x000000011dac4000] byte_map_base: 0x0000000119cc3000

Marking Bits: (ParMarkBitMap*) 0x000000010d28ee20
 Begin Bits: [0x000000011e17b000, 0x000000012017b000)
 End Bits:   [0x000000012017b000, 0x000000012217b000)

Polling page: 0x000000010d993000

CodeCache: size=245760Kb used=12485Kb max_used=12508Kb free=233274Kb
 bounds [0x000000010e303000, 0x000000010ef53000, 0x000000011d303000]
 total_blobs=4789 nmethods=3998 adapters=702
 compilation: enabled

Compilation events (10 events):
Event: 23.476 Thread 0x00007fc1a2805800 4418       1       javafx.scene.Parent::access$600 (5 bytes)
Event: 23.476 Thread 0x00007fc1a2805800 nmethod 4418 0x000000010ef30c90 code [0x000000010ef30de0, 0x000000010ef30ed0]
Event: 23.477 Thread 0x00007fc1a2805800 4420       3       com.sun.javafx.font.LogicalFont::getLogicalFont (133 bytes)
Event: 23.478 Thread 0x00007fc1a2805800 nmethod 4420 0x000000010ef30f50 code [0x000000010ef311c0, 0x000000010ef32208]
Event: 23.478 Thread 0x00007fc1a2805800 4421       1       com.sun.javafx.css.SizeUnits$9::pixels (2 bytes)
Event: 23.478 Thread 0x00007fc1a2805800 nmethod 4421 0x000000010ef32990 code [0x000000010ef32ae0, 0x000000010ef32bf0]
Event: 23.478 Thread 0x00007fc1a2805800 4422       1       javafx.scene.paint.LinearGradient::isOpaque (5 bytes)
Event: 23.478 Thread 0x00007fc1a2805800 nmethod 4422 0x000000010ef32c50 code [0x000000010ef32da0, 0x000000010ef32eb0]
Event: 23.481 Thread 0x00007fc1a2805800 4423       3       java.util.WeakHashMap$KeyIterator::next (8 bytes)
Event: 23.482 Thread 0x00007fc1a2805800 nmethod 4423 0x000000010ef32f10 code [0x000000010ef330a0, 0x000000010ef33468]

GC Heap History (10 events):
Event: 3.804 GC heap before
{Heap before GC invocations=2 (full 0):
 PSYoungGen      total 38400K, used 20580K [0x0000000795580000, 0x0000000798000000, 0x00000007c0000000)
  eden space 33280K, 48% used [0x0000000795580000,0x0000000796529050,0x0000000797600000)
  from space 5120K, 88% used [0x0000000797600000,0x0000000797a70060,0x0000000797b00000)
  to   space 5120K, 0% used [0x0000000797b00000,0x0000000797b00000,0x0000000798000000)
 ParOldGen       total 87552K, used 16K [0x0000000740000000, 0x0000000745580000, 0x0000000795580000)
  object space 87552K, 0% used [0x0000000740000000,0x0000000740004000,0x0000000745580000)
 Metaspace       used 19985K, capacity 21130K, committed 21248K, reserved 1067008K
  class space    used 2994K, capacity 3240K, committed 3328K, reserved 1048576K
Event: 3.819 GC heap after
Heap after GC invocations=2 (full 0):
 PSYoungGen      total 38400K, used 5106K [0x0000000795580000, 0x0000000798000000, 0x00000007c0000000)
  eden space 33280K, 0% used [0x0000000795580000,0x0000000795580000,0x0000000797600000)
  from space 5120K, 99% used [0x0000000797b00000,0x0000000797ffcae0,0x0000000798000000)
  to   space 5120K, 0% used [0x0000000797600000,0x0000000797600000,0x0000000797b00000)
 ParOldGen       total 87552K, used 7303K [0x0000000740000000, 0x0000000745580000, 0x0000000795580000)
  object space 87552K, 8% used [0x0000000740000000,0x0000000740721ed8,0x0000000745580000)
 Metaspace       used 19985K, capacity 21130K, committed 21248K, reserved 1067008K
  class space    used 2994K, capacity 3240K, committed 3328K, reserved 1048576K
}
Event: 3.819 GC heap before
{Heap before GC invocations=3 (full 1):
 PSYoungGen      total 38400K, used 5106K [0x0000000795580000, 0x0000000798000000, 0x00000007c0000000)
  eden space 33280K, 0% used [0x0000000795580000,0x0000000795580000,0x0000000797600000)
  from space 5120K, 99% used [0x0000000797b00000,0x0000000797ffcae0,0x0000000798000000)
  to   space 5120K, 0% used [0x0000000797600000,0x0000000797600000,0x0000000797b00000)
 ParOldGen       total 87552K, used 7303K [0x0000000740000000, 0x0000000745580000, 0x0000000795580000)
  object space 87552K, 8% used [0x0000000740000000,0x0000000740721ed8,0x0000000745580000)
 Metaspace       used 19985K, capacity 21130K, committed 21248K, reserved 1067008K
  class space    used 2994K, capacity 3240K, committed 3328K, reserved 1048576K
Event: 3.857 GC heap after
Heap after GC invocations=3 (full 1):
 PSYoungGen      total 38400K, used 0K [0x0000000795580000, 0x0000000798000000, 0x00000007c0000000)
  eden space 33280K, 0% used [0x0000000795580000,0x0000000795580000,0x0000000797600000)
  from space 5120K, 0% used [0x0000000797b00000,0x0000000797b00000,0x0000000798000000)
  to   space 5120K, 0% used [0x0000000797600000,0x0000000797600000,0x0000000797b00000)
 ParOldGen       total 70144K, used 9595K [0x0000000740000000, 0x0000000744480000, 0x0000000795580000)
  object space 70144K, 13% used [0x0000000740000000,0x000000074095ed18,0x0000000744480000)
 Metaspace       used 19985K, capacity 21130K, committed 21248K, reserved 1067008K
  class space    used 2994K, capacity 3240K, committed 3328K, reserved 1048576K
}
Event: 5.688 GC heap before
{Heap before GC invocations=4 (full 1):
 PSYoungGen      total 38400K, used 33135K [0x0000000795580000, 0x0000000798000000, 0x00000007c0000000)
  eden space 33280K, 99% used [0x0000000795580000,0x00000007975dbfe8,0x0000000797600000)
  from space 5120K, 0% used [0x0000000797b00000,0x0000000797b00000,0x0000000798000000)
  to   space 5120K, 0% used [0x0000000797600000,0x0000000797600000,0x0000000797b00000)
 ParOldGen       total 70144K, used 9595K [0x0000000740000000, 0x0000000744480000, 0x0000000795580000)
  object space 70144K, 13% used [0x0000000740000000,0x000000074095ed18,0x0000000744480000)
 Metaspace       used 23010K, capacity 24344K, committed 24576K, reserved 1071104K
  class space    used 3314K, capacity 3562K, committed 3584K, reserved 1048576K
Event: 5.695 GC heap after
Heap after GC invocations=4 (full 1):
 PSYoungGen      total 38400K, used 5119K [0x0000000795580000, 0x0000000798e00000, 0x00000007c0000000)
  eden space 33280K, 0% used [0x0000000795580000,0x0000000795580000,0x0000000797600000)
  from space 5120K, 99% used [0x0000000797600000,0x0000000797affff8,0x0000000797b00000)
  to   space 5120K, 0% used [0x0000000798900000,0x0000000798900000,0x0000000798e00000)
 ParOldGen       total 70144K, used 10093K [0x0000000740000000, 0x0000000744480000, 0x0000000795580000)
  object space 70144K, 14% used [0x0000000740000000,0x00000007409db528,0x0000000744480000)
 Metaspace       used 23010K, capacity 24344K, committed 24576K, reserved 1071104K
  class space    used 3314K, capacity 3562K, committed 3584K, reserved 1048576K
}
Event: 11.380 GC heap before
{Heap before GC invocations=5 (full 1):
 PSYoungGen      total 38400K, used 38399K [0x0000000795580000, 0x0000000798e00000, 0x00000007c0000000)
  eden space 33280K, 100% used [0x0000000795580000,0x0000000797600000,0x0000000797600000)
  from space 5120K, 99% used [0x0000000797600000,0x0000000797affff8,0x0000000797b00000)
  to   space 5120K, 0% used [0x0000000798900000,0x0000000798900000,0x0000000798e00000)
 ParOldGen       total 70144K, used 10157K [0x0000000740000000, 0x0000000744480000, 0x0000000795580000)
  object space 70144K, 14% used [0x0000000740000000,0x00000007409eb538,0x0000000744480000)
 Metaspace       used 23770K, capacity 25084K, committed 25088K, reserved 1071104K
  class space    used 3336K, capacity 3582K, committed 3584K, reserved 1048576K
Event: 11.403 GC heap after
Heap after GC invocations=5 (full 1):
 PSYoungGen      total 51712K, used 5114K [0x0000000795580000, 0x0000000798e00000, 0x00000007c0000000)
  eden space 46592K, 0% used [0x0000000795580000,0x0000000795580000,0x0000000798300000)
  from space 5120K, 99% used [0x0000000798900000,0x0000000798dfe858,0x0000000798e00000)
  to   space 5120K, 0% used [0x0000000798400000,0x0000000798400000,0x0000000798900000)
 ParOldGen       total 70144K, used 16334K [0x0000000740000000, 0x0000000744480000, 0x0000000795580000)
  object space 70144K, 23% used [0x0000000740000000,0x0000000740ff3be8,0x0000000744480000)
 Metaspace       used 23770K, capacity 25084K, committed 25088K, reserved 1071104K
  class space    used 3336K, capacity 3582K, committed 3584K, reserved 1048576K
}
Event: 17.710 GC heap before
{Heap before GC invocations=6 (full 1):
 PSYoungGen      total 51712K, used 51706K [0x0000000795580000, 0x0000000798e00000, 0x00000007c0000000)
  eden space 46592K, 100% used [0x0000000795580000,0x0000000798300000,0x0000000798300000)
  from space 5120K, 99% used [0x0000000798900000,0x0000000798dfe858,0x0000000798e00000)
  to   space 5120K, 0% used [0x0000000798400000,0x0000000798400000,0x0000000798900000)
 ParOldGen       total 70144K, used 16415K [0x0000000740000000, 0x0000000744480000, 0x0000000795580000)
  object space 70144K, 23% used [0x0000000740000000,0x0000000741007f78,0x0000000744480000)
 Metaspace       used 24528K, capacity 25976K, committed 26240K, reserved 1071104K
  class space    used 3382K, capacity 3668K, committed 3712K, reserved 1048576K
Event: 17.720 GC heap after
Heap after GC invocations=6 (full 1):
 PSYoungGen      total 52736K, used 5110K [0x0000000795580000, 0x000000079b100000, 0x00000007c0000000)
  eden space 47616K, 0% used [0x0000000795580000,0x0000000795580000,0x0000000798400000)
  from space 5120K, 99% used [0x0000000798400000,0x00000007988fdb40,0x0000000798900000)
  to   space 15360K, 0% used [0x000000079a200000,0x000000079a200000,0x000000079b100000)
 ParOldGen       total 70144K, used 21707K [0x0000000740000000, 0x0000000744480000, 0x0000000795580000)
  object space 70144K, 30% used [0x0000000740000000,0x0000000741532c38,0x0000000744480000)
 Metaspace       used 24528K, capacity 25976K, committed 26240K, reserved 1071104K
  class space    used 3382K, capacity 3668K, committed 3712K, reserved 1048576K
}

Deoptimization events (10 events):
Event: 17.487 Thread 0x00007fc1a3983000 Uncommon trap: reason=unstable_if action=reinterpret pc=0x000000010e41c5fc method=java.util.regex.Pattern$Branch.match(Ljava/util/regex/Matcher;ILjava/lang/CharSequence;)Z @ 19
Event: 18.057 Thread 0x00007fc1a296a800 Uncommon trap: reason=unstable_if action=reinterpret pc=0x000000010e5be4c0 method=com.sun.prism.impl.ManagedResource._isgone(Lcom/sun/prism/impl/ManagedResource;)Z @ 1
Event: 20.437 Thread 0x00007fc1a296a800 Uncommon trap: reason=unstable_if action=reinterpret pc=0x000000010ec33524 method=java.lang.Math.round(F)I @ 36
Event: 20.511 Thread 0x00007fc1a296a800 Uncommon trap: reason=unstable_if action=reinterpret pc=0x000000010edef710 method=com.sun.javafx.geom.RectBounds.intersects(Lcom/sun/javafx/geom/BaseBounds;)Z @ 41
Event: 20.511 Thread 0x00007fc1a296a800 Uncommon trap: reason=unstable_if action=reinterpret pc=0x000000010edb3604 method=com.sun.javafx.geom.BoxBounds.deriveWithNewBounds(FFFFFF)Lcom/sun/javafx/geom/BaseBounds; @ 4
Event: 20.511 Thread 0x00007fc1a296a800 Uncommon trap: reason=unstable_if action=reinterpret pc=0x000000010ed8bff8 method=com.sun.javafx.geom.BoxBounds.isEmpty()Z @ 9
Event: 21.519 Thread 0x00007fc1a3983000 Uncommon trap: reason=unstable_if action=reinterpret pc=0x000000010ecf5544 method=java.lang.Integer.equals(Ljava/lang/Object;)Z @ 18
Event: 21.531 Thread 0x00007fc1a3983000 Uncommon trap: reason=unstable_if action=reinterpret pc=0x000000010eccb978 method=javafx.scene.Node.updateBounds()V @ 27
Event: 23.438 Thread 0x00007fc1a3983000 Uncommon trap: reason=class_check action=maybe_recompile pc=0x000000010ee167ec method=java.util.regex.Pattern$Slice.match(Ljava/util/regex/Matcher;ILjava/lang/CharSequence;)Z @ 75
Event: 23.473 Thread 0x00007fc1a3983000 Uncommon trap: reason=predicate action=maybe_recompile pc=0x000000010ec9745c method=java.util.ArrayList.remove(Ljava/lang/Object;)Z @ 49

Internal exceptions (10 events):
Event: 0.833 Thread 0x00007fc1a3983000 Exception <a 'java/lang/NullPointerException'> (0x0000000796215198) thrown at [/Users/java_re/workspace/8-2-build-macosx-x86_64/jdk8u60/4407/hotspot/src/share/vm/interpreter/linkResolver.cpp, line 1178]
Event: 0.833 Thread 0x00007fc1a3983000 Exception <a 'java/lang/NullPointerException'> (0x0000000796215198) thrown at [/Users/java_re/workspace/8-2-build-macosx-x86_64/jdk8u60/4407/hotspot/src/share/vm/prims/jvm.cpp, line 1390]
Event: 1.442 Thread 0x00007fc1a3983000 Exception <a 'sun/nio/fs/UnixException'> (0x000000079680da08) thrown at [/Users/java_re/workspace/8-2-build-macosx-x86_64/jdk8u60/4407/hotspot/src/share/vm/prims/jni.cpp, line 709]
Event: 1.444 Thread 0x00007fc1a3983000 Exception <a 'sun/nio/fs/UnixException'> (0x000000079680f868) thrown at [/Users/java_re/workspace/8-2-build-macosx-x86_64/jdk8u60/4407/hotspot/src/share/vm/prims/jni.cpp, line 709]
Event: 1.454 Thread 0x00007fc1a3983000 Implicit null exception at 0x000000010e50c973 to 0x000000010e50ccf5
Event: 1.665 Thread 0x00007fc1a3983000 Implicit null exception at 0x000000010e577af5 to 0x000000010e577cf1
Event: 2.728 Thread 0x00007fc1a3983000 Implicit null exception at 0x000000010e66b8a9 to 0x000000010e66b8fd
Event: 4.573 Thread 0x00007fc1a2c93000 Exception <a 'java/lang/ClassNotFoundException': sun/net/www/protocol/data/Handler> (0x00000007962eff70) thrown at [/Users/java_re/workspace/8-2-build-macosx-x86_64/jdk8u60/4407/hotspot/src/share/vm/classfile/systemDictionary.cpp, line 210]
Event: 4.575 Thread 0x00007fc1a2c93000 Exception <a 'java/lang/ClassNotFoundException': sun/net/www/protocol/data/Handler> (0x00000007962f86f8) thrown at [/Users/java_re/workspace/8-2-build-macosx-x86_64/jdk8u60/4407/hotspot/src/share/vm/classfile/systemDictionary.cpp, line 210]
Event: 18.057 Thread 0x00007fc1a296a800 Implicit null exception at 0x000000010e5be46c to 0x000000010e5be4b1

Events (10 events):
Event: 23.476 loading class javafx/event/Event done
Event: 23.476 loading class javafx/scene/control/Button
Event: 23.476 loading class javafx/scene/control/Button done
Event: 23.476 loading class javafx/concurrent/WorkerStateEvent
Event: 23.476 loading class javafx/concurrent/WorkerStateEvent done
Event: 23.476 loading class javafx/scene/control/Button
Event: 23.476 loading class javafx/scene/control/Button done
Event: 23.476 Thread 0x00007fc1a2d13000 Thread added: 0x00007fc1a2d13000
Event: 23.477 loading class gmapsfx/javascript/object/LatLongBounds
Event: 23.477 loading class gmapsfx/javascript/object/LatLongBounds done


Dynamic libraries:
0x0000000008911000 	/System/Library/Frameworks/Cocoa.framework/Versions/A/Cocoa
0x0000000008911000 	/System/Library/Frameworks/Security.framework/Versions/A/Security
0x0000000008911000 	/System/Library/Frameworks/ApplicationServices.framework/Versions/A/ApplicationServices
0x0000000008911000 	/usr/lib/libz.1.dylib
0x0000000008911000 	/usr/lib/libSystem.B.dylib
0x0000000008911000 	/usr/lib/libobjc.A.dylib
0x0000000008911000 	/System/Library/Frameworks/CoreFoundation.framework/Versions/A/CoreFoundation
0x0000000008911000 	/System/Library/Frameworks/Foundation.framework/Versions/C/Foundation
0x0000000008911000 	/System/Library/Frameworks/AppKit.framework/Versions/C/AppKit
0x0000000008911000 	/System/Library/Frameworks/CoreData.framework/Versions/A/CoreData
0x0000000008911000 	/System/Library/PrivateFrameworks/RemoteViewServices.framework/Versions/A/RemoteViewServices
0x0000000008911000 	/System/Library/PrivateFrameworks/UIFoundation.framework/Versions/A/UIFoundation
0x0000000008911000 	/System/Library/Frameworks/IOSurface.framework/Versions/A/IOSurface
0x0000000008911000 	/System/Library/Frameworks/AudioToolbox.framework/Versions/A/AudioToolbox
0x0000000008911000 	/System/Library/Frameworks/AudioUnit.framework/Versions/A/AudioUnit
0x0000000008911000 	/System/Library/PrivateFrameworks/DataDetectorsCore.framework/Versions/A/DataDetectorsCore
0x0000000008911000 	/System/Library/PrivateFrameworks/DesktopServicesPriv.framework/Versions/A/DesktopServicesPriv
0x0000000008911000 	/System/Library/Frameworks/Carbon.framework/Versions/A/Frameworks/HIToolbox.framework/Versions/A/HIToolbox
0x0000000008911000 	/System/Library/Frameworks/QuartzCore.framework/Versions/A/QuartzCore
0x0000000008911000 	/System/Library/Frameworks/Carbon.framework/Versions/A/Frameworks/SpeechRecognition.framework/Versions/A/SpeechRecognition
0x0000000008911000 	/usr/lib/libauto.dylib
0x0000000008911000 	/usr/lib/libicucore.A.dylib
0x0000000008911000 	/usr/lib/libxml2.2.dylib
0x0000000008911000 	/System/Library/PrivateFrameworks/CoreUI.framework/Versions/A/CoreUI
0x0000000008911000 	/System/Library/Frameworks/CoreAudio.framework/Versions/A/CoreAudio
0x0000000008911000 	/System/Library/Frameworks/DiskArbitration.framework/Versions/A/DiskArbitration
0x0000000008911000 	/usr/lib/liblangid.dylib
0x0000000008911000 	/System/Library/PrivateFrameworks/MultitouchSupport.framework/Versions/A/MultitouchSupport
0x0000000008911000 	/System/Library/Frameworks/IOKit.framework/Versions/A/IOKit
0x0000000008911000 	/usr/lib/libDiagnosticMessagesClient.dylib
0x0000000008911000 	/System/Library/Frameworks/CoreServices.framework/Versions/A/CoreServices
0x0000000008911000 	/System/Library/PrivateFrameworks/PerformanceAnalysis.framework/Versions/A/PerformanceAnalysis
0x0000000008911000 	/System/Library/PrivateFrameworks/GenerationalStorage.framework/Versions/A/GenerationalStorage
0x0000000008911000 	/System/Library/Frameworks/OpenGL.framework/Versions/A/OpenGL
0x0000000008911000 	/System/Library/PrivateFrameworks/Sharing.framework/Versions/A/Sharing
0x0000000008911000 	/System/Library/Frameworks/CoreGraphics.framework/Versions/A/CoreGraphics
0x0000000008911000 	/System/Library/Frameworks/CoreText.framework/Versions/A/CoreText
0x0000000008911000 	/System/Library/Frameworks/ImageIO.framework/Versions/A/ImageIO
0x0000000008911000 	/usr/lib/libextension.dylib
0x0000000008911000 	/System/Library/PrivateFrameworks/Backup.framework/Versions/A/Backup
0x0000000008911000 	/usr/lib/libarchive.2.dylib
0x0000000008911000 	/System/Library/Frameworks/CFNetwork.framework/Versions/A/CFNetwork
0x0000000008911000 	/System/Library/Frameworks/SystemConfiguration.framework/Versions/A/SystemConfiguration
0x0000000008911000 	/usr/lib/libCRFSuite.dylib
0x0000000008911000 	/usr/lib/libc++.1.dylib
0x0000000008911000 	/usr/lib/libc++abi.dylib
0x0000000008911000 	/usr/lib/system/libcache.dylib
0x0000000008911000 	/usr/lib/system/libcommonCrypto.dylib
0x0000000008911000 	/usr/lib/system/libcompiler_rt.dylib
0x0000000008911000 	/usr/lib/system/libcopyfile.dylib
0x0000000008911000 	/usr/lib/system/libcorecrypto.dylib
0x0000000008911000 	/usr/lib/system/libdispatch.dylib
0x0000000008911000 	/usr/lib/system/libdyld.dylib
0x0000000008911000 	/usr/lib/system/libkeymgr.dylib
0x0000000008911000 	/usr/lib/system/liblaunch.dylib
0x0000000008911000 	/usr/lib/system/libmacho.dylib
0x0000000008911000 	/usr/lib/system/libquarantine.dylib
0x0000000008911000 	/usr/lib/system/libremovefile.dylib
0x0000000008911000 	/usr/lib/system/libsystem_asl.dylib
0x0000000008911000 	/usr/lib/system/libsystem_blocks.dylib
0x0000000008911000 	/usr/lib/system/libsystem_c.dylib
0x0000000008911000 	/usr/lib/system/libsystem_configuration.dylib
0x0000000008911000 	/usr/lib/system/libsystem_coreservices.dylib
0x0000000008911000 	/usr/lib/system/libsystem_coretls.dylib
0x0000000008911000 	/usr/lib/system/libsystem_dnssd.dylib
0x0000000008911000 	/usr/lib/system/libsystem_info.dylib
0x0000000008911000 	/usr/lib/system/libsystem_kernel.dylib
0x0000000008911000 	/usr/lib/system/libsystem_m.dylib
0x0000000008911000 	/usr/lib/system/libsystem_malloc.dylib
0x0000000008911000 	/usr/lib/system/libsystem_network.dylib
0x0000000008911000 	/usr/lib/system/libsystem_networkextension.dylib
0x0000000008911000 	/usr/lib/system/libsystem_notify.dylib
0x0000000008911000 	/usr/lib/system/libsystem_platform.dylib
0x0000000008911000 	/usr/lib/system/libsystem_pthread.dylib
0x0000000008911000 	/usr/lib/system/libsystem_sandbox.dylib
0x0000000008911000 	/usr/lib/system/libsystem_secinit.dylib
0x0000000008911000 	/usr/lib/system/libsystem_stats.dylib
0x0000000008911000 	/usr/lib/system/libsystem_trace.dylib
0x0000000008911000 	/usr/lib/system/libunc.dylib
0x0000000008911000 	/usr/lib/system/libunwind.dylib
0x0000000008911000 	/usr/lib/system/libxpc.dylib
0x0000000008911000 	/usr/lib/libbz2.1.0.dylib
0x0000000008911000 	/usr/lib/liblzma.5.dylib
0x0000000008911000 	/usr/lib/libbsm.0.dylib
0x0000000008911000 	/usr/lib/libsqlite3.dylib
0x0000000008911000 	/usr/lib/system/libkxld.dylib
0x0000000008911000 	/usr/lib/libxar.1.dylib
0x0000000008911000 	/usr/lib/libpam.2.dylib
0x0000000008911000 	/usr/lib/libOpenScriptingUtil.dylib
0x0000000008911000 	/System/Library/Frameworks/CoreServices.framework/Versions/A/Frameworks/FSEvents.framework/Versions/A/FSEvents
0x0000000008911000 	/System/Library/Frameworks/CoreServices.framework/Versions/A/Frameworks/CarbonCore.framework/Versions/A/CarbonCore
0x0000000008911000 	/System/Library/Frameworks/CoreServices.framework/Versions/A/Frameworks/Metadata.framework/Versions/A/Metadata
0x0000000008911000 	/System/Library/Frameworks/CoreServices.framework/Versions/A/Frameworks/OSServices.framework/Versions/A/OSServices
0x0000000008911000 	/System/Library/Frameworks/CoreServices.framework/Versions/A/Frameworks/SearchKit.framework/Versions/A/SearchKit
0x0000000008911000 	/System/Library/Frameworks/CoreServices.framework/Versions/A/Frameworks/AE.framework/Versions/A/AE
0x0000000008911000 	/System/Library/Frameworks/CoreServices.framework/Versions/A/Frameworks/LaunchServices.framework/Versions/A/LaunchServices
0x0000000008911000 	/System/Library/Frameworks/CoreServices.framework/Versions/A/Frameworks/DictionaryServices.framework/Versions/A/DictionaryServices
0x0000000008911000 	/System/Library/Frameworks/NetFS.framework/Versions/A/NetFS
0x0000000008911000 	/System/Library/PrivateFrameworks/NetAuth.framework/Versions/A/NetAuth
0x0000000008911000 	/System/Library/PrivateFrameworks/login.framework/Versions/A/Frameworks/loginsupport.framework/Versions/A/loginsupport
0x0000000008911000 	/System/Library/PrivateFrameworks/TCC.framework/Versions/A/TCC
0x0000000008911000 	/usr/lib/libmecabra.dylib
0x0000000008911000 	/System/Library/Frameworks/ApplicationServices.framework/Versions/A/Frameworks/ATS.framework/Versions/A/ATS
0x0000000008911000 	/System/Library/Frameworks/ApplicationServices.framework/Versions/A/Frameworks/ColorSync.framework/Versions/A/ColorSync
0x0000000008911000 	/System/Library/Frameworks/ApplicationServices.framework/Versions/A/Frameworks/HIServices.framework/Versions/A/HIServices
0x0000000008911000 	/System/Library/Frameworks/ApplicationServices.framework/Versions/A/Frameworks/LangAnalysis.framework/Versions/A/LangAnalysis
0x0000000008911000 	/System/Library/Frameworks/ApplicationServices.framework/Versions/A/Frameworks/PrintCore.framework/Versions/A/PrintCore
0x0000000008911000 	/System/Library/Frameworks/ApplicationServices.framework/Versions/A/Frameworks/QD.framework/Versions/A/QD
0x0000000008911000 	/System/Library/Frameworks/ApplicationServices.framework/Versions/A/Frameworks/SpeechSynthesis.framework/Versions/A/SpeechSynthesis
0x0000000008911000 	/System/Library/Frameworks/Accelerate.framework/Versions/A/Accelerate
0x0000000008911000 	/System/Library/Frameworks/Accelerate.framework/Versions/A/Frameworks/vImage.framework/Versions/A/vImage
0x0000000008911000 	/System/Library/Frameworks/Accelerate.framework/Versions/A/Frameworks/vecLib.framework/Versions/A/vecLib
0x0000000008911000 	/System/Library/Frameworks/Accelerate.framework/Versions/A/Frameworks/vecLib.framework/Versions/A/libvDSP.dylib
0x0000000008911000 	/System/Library/Frameworks/Accelerate.framework/Versions/A/Frameworks/vecLib.framework/Versions/A/libvMisc.dylib
0x0000000008911000 	/System/Library/Frameworks/Accelerate.framework/Versions/A/Frameworks/vecLib.framework/Versions/A/libLAPACK.dylib
0x0000000008911000 	/System/Library/Frameworks/Accelerate.framework/Versions/A/Frameworks/vecLib.framework/Versions/A/libBLAS.dylib
0x0000000008911000 	/System/Library/Frameworks/Accelerate.framework/Versions/A/Frameworks/vecLib.framework/Versions/A/libLinearAlgebra.dylib
0x0000000008911000 	/System/Library/Frameworks/ApplicationServices.framework/Versions/A/Frameworks/ATS.framework/Versions/A/Resources/libFontParser.dylib
0x0000000008911000 	/System/Library/Frameworks/ApplicationServices.framework/Versions/A/Frameworks/ATS.framework/Versions/A/Resources/libFontRegistry.dylib
0x0000000008911000 	/System/Library/PrivateFrameworks/AppleVPA.framework/Versions/A/AppleVPA
0x0000000008911000 	/System/Library/PrivateFrameworks/AppleJPEG.framework/Versions/A/AppleJPEG
0x0000000008911000 	/System/Library/Frameworks/ImageIO.framework/Versions/A/Resources/libJPEG.dylib
0x0000000008911000 	/System/Library/Frameworks/ImageIO.framework/Versions/A/Resources/libTIFF.dylib
0x0000000008911000 	/System/Library/Frameworks/ImageIO.framework/Versions/A/Resources/libPng.dylib
0x0000000008911000 	/System/Library/Frameworks/ImageIO.framework/Versions/A/Resources/libGIF.dylib
0x0000000008911000 	/System/Library/Frameworks/ImageIO.framework/Versions/A/Resources/libJP2.dylib
0x0000000008911000 	/System/Library/Frameworks/ImageIO.framework/Versions/A/Resources/libRadiance.dylib
0x0000000008911000 	/System/Library/Frameworks/CoreVideo.framework/Versions/A/CoreVideo
0x0000000008911000 	/System/Library/Frameworks/OpenGL.framework/Versions/A/Libraries/libGLU.dylib
0x0000000008911000 	/System/Library/Frameworks/OpenGL.framework/Versions/A/Libraries/libGFXShared.dylib
0x0000000008911000 	/System/Library/Frameworks/OpenGL.framework/Versions/A/Libraries/libGL.dylib
0x0000000008911000 	/System/Library/Frameworks/OpenGL.framework/Versions/A/Libraries/libGLImage.dylib
0x0000000008911000 	/System/Library/Frameworks/OpenGL.framework/Versions/A/Libraries/libCVMSPluginSupport.dylib
0x0000000008911000 	/System/Library/Frameworks/OpenGL.framework/Versions/A/Libraries/libCoreVMClient.dylib
0x0000000008911000 	/usr/lib/libcups.2.dylib
0x0000000008911000 	/System/Library/Frameworks/Kerberos.framework/Versions/A/Kerberos
0x0000000008911000 	/System/Library/Frameworks/GSS.framework/Versions/A/GSS
0x0000000008911000 	/usr/lib/libresolv.9.dylib
0x0000000008911000 	/usr/lib/libiconv.2.dylib
0x0000000008911000 	/System/Library/PrivateFrameworks/Heimdal.framework/Versions/A/Heimdal
0x0000000008911000 	/usr/lib/libheimdal-asn1.dylib
0x0000000008911000 	/System/Library/Frameworks/OpenDirectory.framework/Versions/A/OpenDirectory
0x0000000008911000 	/System/Library/PrivateFrameworks/CommonAuth.framework/Versions/A/CommonAuth
0x0000000008911000 	/System/Library/Frameworks/OpenDirectory.framework/Versions/A/Frameworks/CFOpenDirectory.framework/Versions/A/CFOpenDirectory
0x0000000008911000 	/System/Library/Frameworks/SecurityFoundation.framework/Versions/A/SecurityFoundation
0x0000000008911000 	/System/Library/PrivateFrameworks/LanguageModeling.framework/Versions/A/LanguageModeling
0x0000000008911000 	/usr/lib/libcmph.dylib
0x0000000008911000 	/System/Library/Frameworks/ServiceManagement.framework/Versions/A/ServiceManagement
0x0000000008911000 	/usr/lib/libxslt.1.dylib
0x0000000008911000 	/System/Library/Frameworks/Carbon.framework/Versions/A/Frameworks/Ink.framework/Versions/A/Ink
0x0000000008911000 	/System/Library/Frameworks/QuartzCore.framework/Versions/A/Frameworks/CoreImage.framework/Versions/A/CoreImage
0x0000000008911000 	/System/Library/PrivateFrameworks/CrashReporterSupport.framework/Versions/A/CrashReporterSupport
0x0000000008911000 	/System/Library/Frameworks/OpenCL.framework/Versions/A/OpenCL
0x0000000008911000 	/System/Library/PrivateFrameworks/FaceCore.framework/Versions/A/FaceCore
0x0000000008911000 	/System/Library/PrivateFrameworks/Ubiquity.framework/Versions/A/Ubiquity
0x0000000008911000 	/System/Library/PrivateFrameworks/IconServices.framework/Versions/A/IconServices
0x0000000008911000 	/System/Library/PrivateFrameworks/ChunkingLibrary.framework/Versions/A/ChunkingLibrary
0x0000000008911000 	/System/Library/PrivateFrameworks/Apple80211.framework/Versions/A/Apple80211
0x0000000008911000 	/System/Library/Frameworks/CoreWLAN.framework/Versions/A/CoreWLAN
0x0000000008911000 	/System/Library/Frameworks/IOBluetooth.framework/Versions/A/IOBluetooth
0x0000000008911000 	/System/Library/PrivateFrameworks/CoreWiFi.framework/Versions/A/CoreWiFi
0x0000000008911000 	/System/Library/Frameworks/CoreBluetooth.framework/Versions/A/CoreBluetooth
0x0000000008911000 	/System/Library/PrivateFrameworks/DebugSymbols.framework/Versions/A/DebugSymbols
0x0000000008911000 	/System/Library/PrivateFrameworks/CoreSymbolication.framework/Versions/A/CoreSymbolication
0x0000000008911000 	/System/Library/PrivateFrameworks/Symbolication.framework/Versions/A/Symbolication
0x0000000008911000 	/System/Library/PrivateFrameworks/SpeechRecognitionCore.framework/Versions/A/SpeechRecognitionCore
0x000000010c9b0000 	/Library/Java/JavaVirtualMachines/jdk1.8.0_60.jdk/Contents/Home/jre/lib/server/libjvm.dylib
0x0000000008911000 	/usr/lib/libstdc++.6.dylib
0x000000010d950000 	/Library/Java/JavaVirtualMachines/jdk1.8.0_60.jdk/Contents/Home/jre/lib/libverify.dylib
0x000000010d95e000 	/Library/Java/JavaVirtualMachines/jdk1.8.0_60.jdk/Contents/Home/jre/lib/libjava.dylib
0x000000010d99d000 	/Library/Java/JavaVirtualMachines/jdk1.8.0_60.jdk/Contents/Home/jre/lib/libzip.dylib
0x000000012432a000 	/System/Library/Frameworks/JavaVM.framework/Frameworks/JavaRuntimeSupport.framework/JavaRuntimeSupport
0x0000000124340000 	/System/Library/Frameworks/JavaVM.framework/Versions/A/Frameworks/JavaNativeFoundation.framework/Versions/A/JavaNativeFoundation
0x0000000124354000 	/System/Library/Frameworks/JavaVM.framework/Versions/A/JavaVM
0x0000000008911000 	/System/Library/Frameworks/Carbon.framework/Versions/A/Carbon
0x0000000124360000 	/System/Library/PrivateFrameworks/JavaLaunching.framework/Versions/A/JavaLaunching
0x0000000008911000 	/System/Library/Frameworks/Carbon.framework/Versions/A/Frameworks/CommonPanels.framework/Versions/A/CommonPanels
0x0000000008911000 	/System/Library/Frameworks/Carbon.framework/Versions/A/Frameworks/Help.framework/Versions/A/Help
0x0000000008911000 	/System/Library/Frameworks/Carbon.framework/Versions/A/Frameworks/ImageCapture.framework/Versions/A/ImageCapture
0x0000000008911000 	/System/Library/Frameworks/Carbon.framework/Versions/A/Frameworks/OpenScripting.framework/Versions/A/OpenScripting
0x0000000008911000 	/System/Library/Frameworks/Carbon.framework/Versions/A/Frameworks/Print.framework/Versions/A/Print
0x0000000008911000 	/System/Library/Frameworks/Carbon.framework/Versions/A/Frameworks/SecurityHI.framework/Versions/A/SecurityHI
0x00000001263f9000 	/Library/Java/JavaVirtualMachines/jdk1.8.0_60.jdk/Contents/Home/jre/lib/libprism_es2.dylib
0x0000000008911000 	/System/Library/Frameworks/OpenGL.framework/Versions/A/Resources/GLEngine.bundle/GLEngine
0x0000000008911000 	/System/Library/Frameworks/OpenGL.framework/Versions/A/Libraries/libGLProgrammability.dylib
0x000000012646f000 	/System/Library/Extensions/AppleIntelHD4000GraphicsGLDriver.bundle/Contents/MacOS/AppleIntelHD4000GraphicsGLDriver
0x0000000008911000 	/System/Library/PrivateFrameworks/IOAccelerator.framework/Versions/A/IOAccelerator
0x0000000008911000 	/System/Library/PrivateFrameworks/GPUSupport.framework/Versions/A/Libraries/libGPUSupportMercury.dylib
0x0000000008911000 	/System/Library/Frameworks/OpenGL.framework/Versions/A/Resources/GLRendererFloat.bundle/GLRendererFloat
0x0000000008911000 	/System/Library/Frameworks/OpenCL.framework/Versions/A/Libraries/libcldcpuengine.dylib
0x0000000008911000 	/System/Library/PrivateFrameworks/DiskImages.framework/Versions/A/DiskImages
0x0000000008911000 	/System/Library/Frameworks/DiscRecording.framework/Versions/A/DiscRecording
0x0000000008911000 	/usr/lib/libcsfde.dylib
0x0000000008911000 	/usr/lib/libcurl.4.dylib
0x0000000008911000 	/System/Library/PrivateFrameworks/MediaKit.framework/Versions/A/MediaKit
0x0000000008911000 	/System/Library/PrivateFrameworks/ProtectedCloudStorage.framework/Versions/A/ProtectedCloudStorage
0x0000000008911000 	/usr/lib/libCoreStorage.dylib
0x0000000008911000 	/System/Library/PrivateFrameworks/EFILogin.framework/Versions/A/EFILogin
0x0000000008911000 	/usr/lib/libutil.dylib
0x0000000008911000 	/System/Library/PrivateFrameworks/FindMyDevice.framework/Versions/A/FindMyDevice
0x0000000008911000 	/System/Library/Frameworks/LDAP.framework/Versions/A/LDAP
0x0000000008911000 	/usr/lib/libsasl2.2.dylib
0x0000000008911000 	/System/Library/PrivateFrameworks/CoreDaemon.framework/Versions/B/CoreDaemon
0x0000000008911000 	/usr/lib/libcrypto.0.9.8.dylib
0x0000000008911000 	/System/Library/PrivateFrameworks/AppleSRP.framework/Versions/A/AppleSRP
0x0000000008911000 	/System/Library/PrivateFrameworks/TrustEvaluationAgent.framework/Versions/A/TrustEvaluationAgent
0x0000000126efb000 	/Library/Java/JavaVirtualMachines/jdk1.8.0_60.jdk/Contents/Home/jre/lib/libglass.dylib
0x0000000008911000 	/System/Library/PrivateFrameworks/CoreServicesInternal.framework/Versions/A/CoreServicesInternal
0x0000000008911000 	/System/Library/PrivateFrameworks/CloudDocs.framework/Versions/A/CloudDocs
0x0000000008911000 	/System/Library/PrivateFrameworks/CoreDuet.framework/Versions/A/CoreDuet
0x0000000008911000 	/System/Library/Frameworks/CloudKit.framework/Versions/A/CloudKit
0x0000000008911000 	/System/Library/PrivateFrameworks/ProtocolBuffer.framework/Versions/A/ProtocolBuffer
0x0000000008911000 	/System/Library/PrivateFrameworks/CoreDuetDaemonProtocol.framework/Versions/A/CoreDuetDaemonProtocol
0x0000000008911000 	/System/Library/PrivateFrameworks/CoreDuetDebugLogging.framework/Versions/A/CoreDuetDebugLogging
0x0000000008911000 	/System/Library/PrivateFrameworks/MMCS.framework/Versions/A/MMCS
0x0000000008911000 	/System/Library/Frameworks/CoreLocation.framework/Versions/A/CoreLocation
0x0000000008911000 	/System/Library/PrivateFrameworks/GeoServices.framework/Versions/A/GeoServices
0x0000000008911000 	/System/Library/Frameworks/CoreGraphics.framework/Versions/A/Resources/libCGCMS.A.dylib
0x0000000008911000 	/System/Library/CoreServices/RawCamera.bundle/Contents/MacOS/RawCamera
0x0000000008911000 	/System/Library/Frameworks/CoreGraphics.framework/Versions/A/Resources/libRIP.A.dylib
0x0000000008911000 	/System/Library/PrivateFrameworks/FamilyControls.framework/Versions/A/FamilyControls
0x0000000008911000 	/System/Library/PrivateFrameworks/CommerceKit.framework/Versions/A/Frameworks/CommerceCore.framework/Versions/A/CommerceCore
0x0000000008911000 	/System/Library/PrivateFrameworks/SystemAdministration.framework/Versions/A/SystemAdministration
0x0000000008911000 	/System/Library/PrivateFrameworks/AppContainer.framework/Versions/A/AppContainer
0x0000000008911000 	/System/Library/PrivateFrameworks/SecCodeWrapper.framework/Versions/A/SecCodeWrapper
0x0000000008911000 	/System/Library/Frameworks/DirectoryService.framework/Versions/A/DirectoryService
0x0000000008911000 	/System/Library/PrivateFrameworks/LoginUIKit.framework/Versions/A/Frameworks/LoginUICore.framework/Versions/A/LoginUICore
0x0000000008911000 	/usr/lib/libodfde.dylib
0x000000012b51b000 	/Library/Java/JavaVirtualMachines/jdk1.8.0_60.jdk/Contents/Home/jre/lib/libjfxwebkit.dylib
0x000000012de23000 	/Library/Java/JavaVirtualMachines/jdk1.8.0_60.jdk/Contents/Home/jre/lib/libnio.dylib
0x000000012de33000 	/Library/Java/JavaVirtualMachines/jdk1.8.0_60.jdk/Contents/Home/jre/lib/./libnet.dylib
0x000000012e2b4000 	/Library/Java/JavaVirtualMachines/jdk1.8.0_60.jdk/Contents/Home/jre/lib/libjavafx_font.dylib
0x0000000008911000 	/System/Library/Frameworks/CoreGraphics.framework/Versions/A/Resources/libCGXType.A.dylib
0x0000000128b7f000 	/Library/Java/JavaVirtualMachines/jdk1.8.0_60.jdk/Contents/Home/jre/lib/libprism_common.dylib
0x0000000128b9f000 	cl_kernels
0x0000000133a23000 	/System/Library/Frameworks/OpenCL.framework/Versions/A/Libraries/ImageFormats/unorm8_bgra.dylib
0x0000000128b9b000 	cl_kernels
0x0000000136be0000 	/Library/Java/JavaVirtualMachines/jdk1.8.0_60.jdk/Contents/Home/jre/lib/libsunec.dylib

VM Arguments:
jvm_args: -Dfile.encoding=UTF-8 
java_command: application.MapApp
java_class_path (initial): /Users/miaminneskemp/Documents/GitHubLocal/Course3/GMaps/bin:/Users/miaminneskemp/Documents/GitHubLocal/Course3/GMaps/lib/javax.json-1.0.4.jar:/Users/miaminneskemp/Documents/GitHubLocal/Course3/GMaps/lib/javax.json-api-1.0.jar
Launcher Type: SUN_STANDARD

Environment Variables:
PATH=/usr/bin:/bin:/usr/sbin:/sbin
SHELL=/bin/bash

Signal Handlers:
SIGSEGV: [libjvm.dylib+0x5a6d31], sa_mask[0]=11111111011111110111111111111111, sa_flags=SA_ONSTACK|SA_RESTART|SA_SIGINFO
SIGBUS: [libjvm.dylib+0x5a6d31], sa_mask[0]=11111111011111110111111111111111, sa_flags=SA_RESTART|SA_SIGINFO
SIGFPE: [libjvm.dylib+0x480a4c], sa_mask[0]=11111111011111110111111111111111, sa_flags=SA_RESTART|SA_SIGINFO
SIGPIPE: [libjvm.dylib+0x480a4c], sa_mask[0]=11111111011111110111111111111111, sa_flags=SA_RESTART|SA_SIGINFO
SIGXFSZ: [libjvm.dylib+0x480a4c], sa_mask[0]=11111111011111110111111111111111, sa_flags=SA_RESTART|SA_SIGINFO
SIGILL: [libjvm.dylib+0x480a4c], sa_mask[0]=11111111011111110111111111111111, sa_flags=SA_RESTART|SA_SIGINFO
SIGUSR1: SIG_DFL, sa_mask[0]=00000000000000000000000000000000, sa_flags=none
SIGUSR2: [libjvm.dylib+0x48056a], sa_mask[0]=00100000000000000000000000000000, sa_flags=SA_RESTART|SA_SIGINFO
SIGHUP: [libjvm.dylib+0x47eb41], sa_mask[0]=11111111011111110111111111111111, sa_flags=SA_RESTART|SA_SIGINFO
SIGINT: [libjvm.dylib+0x47eb41], sa_mask[0]=11111111011111110111111111111111, sa_flags=SA_RESTART|SA_SIGINFO
SIGTERM: [libjvm.dylib+0x47eb41], sa_mask[0]=11111111011111110111111111111111, sa_flags=SA_RESTART|SA_SIGINFO
SIGQUIT: [libjvm.dylib+0x47eb41], sa_mask[0]=11111111011111110111111111111111, sa_flags=SA_RESTART|SA_SIGINFO


---------------  S Y S T E M  ---------------

OS:Bsduname:Darwin 14.5.0 Darwin Kernel Version 14.5.0: Tue Sep  1 21:23:09 PDT 2015; root:xnu-2782.50.1~1/RELEASE_X86_64 x86_64
rlimit: STACK 8192k, CORE 0k, NPROC 709, NOFILE 10240, AS infinity
load average:7.13 3.84 2.38

CPU:total 4 (2 cores per cpu, 2 threads per core) family 6 model 58 stepping 9, cmov, cx8, fxsr, mmx, sse, sse2, sse3, ssse3, sse4.1, sse4.2, popcnt, avx, aes, clmul, erms, ht, tsc, tscinvbit, tscinv

Memory: 4k page, physical 8388608k(30368k free)

/proc/meminfo:


vm_info: Java HotSpot(TM) 64-Bit Server VM (25.60-b23) for bsd-amd64 JRE (1.8.0_60-b27), built on Aug  4 2015 10:47:24 by "java_re" with gcc 4.2.1 (Based on Apple Inc. build 5658) (LLVM build 2336.11.00)

time: Mon Dec 14 15:35:05 2015
elapsed time: 23 seconds (0d 0h 0m 23s)

